
!!! Inicio dos testes
!!!      Construto sob teste: ..\bin\TRAB4-8
!!!      Script de teste:     ..\script\DEBUG\TABULEIRO_DETURPA.script

!!!    0  Linha:     1  // Script: TABULEIRO_01.SCRIPT 
!!!    0  Linha:     2  // Autores: Ian Albuquerque, Victor Augusto 
!!!    0  Linha:     3  // Data: 14/dez/2016 
!!!    0  Linha:     4  // 
!!!    0  Linha:     5  // --------------------------------------------- 
    7  == Inicializar Constantes de Retorno
!!!    0  Linha:    18  // --------------------------------------------- 
   20  == Inicializar valores de Tabuleiro
!!!    0  Linha:    34  // --------------------------------------------- 
   36  == Iniciar contagem
!!!    0  Linha:    41  // --------------------------------------------- 
   43  == Teste de Deturpacoes
!!!    0  Linha:   116  // --------------------------------------------- 
  118  == Gravar contadores
!!!    0  Linha:   121  // --------------------------------------------- 
  123  == Terminar controlar contadores
!!!    0  Linha:   127  // --------------------------------------------- 
  129  == Terminar contagem

!!! Número de linhas lidas:         131
!!! Número de casos de teste:         7
!!! Número comandos corretos:        87
!!! Número de falhas encontradas:     0

!!! Não foram encontrados problemas


!!! Numero de espacos ainda alocados: 6430
