
!!! Inicio dos testes
!!!      Construto sob teste: ..\bin\TEST_TAB_DEBUG
!!!      Script de teste:     ..\script\ScriptsDeturpacao\TABULEIRO_01.script

!!!    0  Linha:     1  // Script: TESTE_TABULEIRO.SCRIPT 
!!!    0  Linha:     2  // Autores: Ian Albuquerque, Lucas Ferrao, Victor Augusto 
!!!    0  Linha:     3  // Data: 14/dez/2016 
!!!    0  Linha:     4  // 
!!!    0  Linha:     5  // --------------------------------------------- 
    7  == Inicializar Constantes
!!!    0  Linha:    16  // --------------------------------------------- 
   18  == Inicializar valores
!!!    0  Linha:    30  // --------------------------------------------- 
   32  == Iniciar contagem
!!!    0  Linha:    37  // --------------------------------------------- 
   39  == Teste de Criacao de Tabuleiro
>>>    1  Linha:    46  Condicao de Retorno Diferente da Esperada. Deveria encontrar falhas, mas nao detectou. 
>>>    2  Linha:    50  Condicao de Retorno Diferente da Esperada. Deveria encontrar falhas, mas nao detectou. 
>>>    3  Linha:    54  Condicao de Retorno Diferente da Esperada. Deveria encontrar falhas, mas nao detectou. 
>>>    4  Linha:    58  Condicao de Retorno Diferente da Esperada. Deveria encontrar falhas, mas nao detectou. 
>>>    5  Linha:    62  Condicao de Retorno Diferente da Esperada. Deveria encontrar falhas, mas nao detectou. 
>>>    6  Linha:    66  Condicao de Retorno Diferente da Esperada. Deveria encontrar falhas, mas nao detectou. 
>>>    7  Linha:    70  Condicao de Retorno Diferente da Esperada. Deveria encontrar falhas, mas nao detectou. 
>>>    8  Linha:    74  Condicao de Retorno Diferente da Esperada. Deveria encontrar falhas, mas nao detectou. 
>>>    9  Linha:    78  Condicao de Retorno Diferente da Esperada. Deveria encontrar falhas, mas nao detectou. 
!!!    9  Linha:    81  //=deturpar				tab0  2			'3' 'C'		OK 
!!!    9  Linha:    82  //=deturpar				tab0  3			'3' 'C'		OK 
!!!    9  Linha:    83  //=deturpar				tab0  4			'3' 'C'		OK 
!!!    9  Linha:    84  //=deturpar				tab0  5			'3' 'C'		OK 
!!!    9  Linha:    85  //=deturpar				tab0  6			'3' 'C'		OK 
!!!    9  Linha:    86  //=deturpar				tab0  7			'3' 'C'		OK 
!!!    9  Linha:    87  //=deturpar				tab0  8			'3' 'C'		OK 
!!!    9  Linha:    88  //=deturpar				tab0  9			'3' 'C'		OK 
!!!    9  Linha:    91  // --------------------------------------------- 
   93  == Terminar controlar contadores
cc>   10  Linha:    95   Contagem em "erro-lista-cabeca-corrompida" é zero.
cc>   11  Linha:    95   Contagem em "erro-lista-corrente-nulo" é zero.
cc>   12  Linha:    95   Contagem em "erro-lista-fim-nulo" é zero.
cc>   13  Linha:    95   Contagem em "erro-lista-magic-number-errado" é zero.
cc>   14  Linha:    95   Contagem em "erro-lista-origem-nulo" é zero.
cc>   15  Linha:    95   Contagem em "erro-lista-primeiro-diferente-inicio" é zero.
cc>   16  Linha:    95   Contagem em "erro-lista-proximo-anterior-diferente-corrente" é zero.
cc>   17  Linha:    95   Contagem em "erro-lista-vazia-elementos-nao-nulos" é zero.
cc>   18  Linha:    95   Contagem em "erro-lista-vazia-fim-nao-nulo" é zero.
cc>   19  Linha:    95   Contagem em "erro-lista-vazia-origem-nao-nula" é zero.
cc>   20  Linha:    95   Contagem em "erro-tamanho-lista-de-listas" é zero.
cc>   21  Linha:    95   Contagem em "erro-tipo-lista-de-casas" é zero.
cc>   22  Linha:    95   Contagem em "erro-tipo-lista-de-listas" é zero.
>>>   23  Linha:    95  Número de contadores zero errado. Deveria ser: 0  É: 13
!!!   23  Linha:    97  // --------------------------------------------- 
   99  == Terminar contagem

!!! Número de linhas lidas:         101
!!! Número de casos de teste:         6
!!! Número comandos corretos:        44
!!! Número de falhas encontradas:    23

!!! Foram encontrados problemas


!!! Numero de espacos ainda alocados: 5116
